Save repository element : openmrs : Creation of initial version
Save database : Modification by user
Save repository element : Talend Local DB Connection : Modification by user
Save database : Modification by user
Save repository element : Talend Local DB Connection : Modification by user
Save database : Modification by user
Save repository element : omop_db : Modification by user
Save database : Modification by user
Save repository element : omop_db : Modification by user
Save database : Modification by user
Save repository element : omop_cdm_db : Modification by user
Save database : Modification by user
Save repository element : omop_cdm_db : Modification by user
Save database : Modification by user
Save repository element : omop_cdm_db : Modification by user
Save database : Modification by user
Save repository element : omop_cdm_db : Modification by user
Save database : Modification by user
Save repository element : omop_cdm_db : Modification by user
Save database : Modification by user
Save repository element : omop_cdm_db : Modification by user
Save database : Modification by user
Save repository element : openmrs-demo : Modification by user
Save database : Modification by user
Save repository element : openmrs-demo : Modification by user
Save database : Modification by user
Save repository element : omop_cdm_db : Modification by user
Save database : Modification by user
Save repository element : omop_cdm_db : Modification by user
Save database : Modification by user
Save repository element : mysql-source : Modification by user
Save database : Modification by user
Save repository element : mysql-source : Modification by user
Save database : Modification by user
Save repository element : postgres - output : Modification by user
Save database : Modification by user
Save repository element : postgres - output : Modification by user
Save database : Modification by user
Save repository element : omop_cdm_db : Modification by user
Save database : Modification by user
Save repository element : omop_cdm_db : Modification by user
Save database : Modification by user
Save repository element : postgres-output : Modification by user
Save database : Modification by user
Save repository element : postgres-output : Modification by user
Save database : Modification by user
Save repository element : mysql-source : Modification by user
Save database : Modification by user
Save repository element : mysql-source : Modification by user
Save database : Modification by user
Save repository element : postgres-output : Modification by user
Save database : Modification by user
Save repository element : postgres-output : Modification by user
Save database : Modification by user
Save repository element : mysql-source : Modification by user
Save database : Modification by user
Save repository element : mysql-source : Modification by user
